<?xml version="1.0" encoding="UTF-8"?>
<!-- Generated by org.testng.reporters.JUnitReportReporter -->
<testsuite name="Testcases.NewTest" tests="1" time="2.723" ignored="0" failures="0" timestamp="03 Feb 2021 16:39:22 GMT" skipped="0" hostname="IT2CE3R" errors="0">
  <testcase name="f" time="2.723" classname="Testcases.NewTest"/>
</testsuite> <!-- Testcases.NewTest -->
