<?xml version="1.0" encoding="UTF-8"?>
<!-- Generated by org.testng.reporters.JUnitReportReporter -->
<testsuite name="Testcases.checkBox" tests="1" time="0.264" ignored="0" failures="0" timestamp="03 Feb 2021 17:31:47 GMT" skipped="0" hostname="IT2CE3R" errors="0">
  <testcase name="f" time="0.264" classname="Testcases.checkBox"/>
</testsuite> <!-- Testcases.checkBox -->
