<?xml version="1.0" encoding="UTF-8"?>
<!-- Generated by org.testng.reporters.JUnitReportReporter -->
<testsuite name="Testcases.T_01_Boxes_Buttons" tests="1" time="2.677" ignored="0" failures="0" timestamp="02 Feb 2021 21:58:40 GMT" skipped="0" hostname="IT2CE3R" errors="0">
  <testcase name="getcolor" time="2.677" classname="Testcases.T_01_Boxes_Buttons"/>
</testsuite> <!-- Testcases.T_01_Boxes_Buttons -->
