<?xml version="1.0" encoding="UTF-8"?>
<!-- Generated by org.testng.reporters.JUnitReportReporter -->
<testsuite name="Testcases.Visibility" tests="1" time="0.220" ignored="0" failures="0" timestamp="03 Feb 2021 19:11:18 GMT" skipped="0" hostname="IT2CE3R" errors="0">
  <testcase name="Visibile" time="0.220" classname="Testcases.Visibility"/>
</testsuite> <!-- Testcases.Visibility -->
