<?xml version="1.0" encoding="UTF-8"?>
<!-- Generated by org.testng.reporters.JUnitReportReporter -->
<testsuite name="Testcases.dropdown" tests="1" time="0.134" ignored="0" failures="0" timestamp="03 Feb 2021 18:00:53 GMT" skipped="0" hostname="IT2CE3R" errors="0">
  <testcase name="dropdown" time="0.134" classname="Testcases.dropdown"/>
</testsuite> <!-- Testcases.dropdown -->
