<?xml version="1.0" encoding="UTF-8"?>
<!-- Generated by org.testng.reporters.JUnitReportReporter -->
<testsuite name="Testcases.Windows" tests="1" time="3.144" ignored="0" failures="0" timestamp="03 Feb 2021 21:53:02 GMT" skipped="0" hostname="IT2CE3R" errors="0">
  <testcase name="checkmarkNum" time="3.144" classname="Testcases.Windows"/>
</testsuite> <!-- Testcases.Windows -->
